#
# There is insufficient memory for the Java Runtime Environment to continue.
# Native memory allocation (mmap) failed to map 6160384 bytes for G1 virtual space
# Possible reasons:
#   The system is out of physical RAM or swap space
#   The process is running with CompressedOops enabled, and the Java Heap may be blocking the growth of the native heap
# Possible solutions:
#   Reduce memory load on the system
#   Increase physical memory or swap space
#   Check if swap backing store is full
#   Decrease Java heap size (-Xmx/-Xms)
#   Decrease number of Java threads
#   Decrease Java thread stack sizes (-Xss)
#   Set larger code cache with -XX:ReservedCodeCacheSize=
#   JVM is running with Zero Based Compressed Oops mode in which the Java heap is
#     placed in the first 32GB address space. The Java Heap base address is the
#     maximum limit for the native heap growth. Please use -XX:HeapBaseMinAddress
#     to set the Java Heap base and to place the Java Heap above 32GB virtual address.
# This output file may be truncated or incomplete.
#
#  Out of Memory Error (os_windows.cpp:3528), pid=29836, tid=30136
#
# JRE version:  (20.0.1+9) (build )
# Java VM: Java HotSpot(TM) 64-Bit Server VM (20.0.1+9-29, mixed mode, sharing, tiered, compressed oops, compressed class ptrs, g1 gc, windows-amd64)
# No core dump will be written. Minidumps are not enabled by default on client versions of Windows
#

---------------  S U M M A R Y ------------

Command Line: -javaagent:C:\Users\HP\Documents\Documents ALT\Desktop Programs\IntelliJ IDEA Community Edition 2022.2.1\lib\idea_rt.jar=60023:C:\Users\HP\Documents\Documents ALT\Desktop Programs\IntelliJ IDEA Community Edition 2022.2.1\bin -Dfile.encoding=UTF-8 -Dsun.stdout.encoding=UTF-8 -Dsun.stderr.encoding=UTF-8 Exercise8

Host: AMD Ryzen 7 5800H with Radeon Graphics         , 16 cores, 23G,  Windows 10 , 64 bit Build 19041 (10.0.19041.4957)
Time: Sun Oct 27 17:50:51 2024 Atlantic Daylight Time elapsed time: 0.010789 seconds (0d 0h 0m 0s)

---------------  T H R E A D  ---------------

Current thread (0x000001c612fd6300):  JavaThread "Unknown thread" [_thread_in_vm, id=30136, stack(0x00000058e0d00000,0x00000058e0e00000)]

Stack: [0x00000058e0d00000,0x00000058e0e00000]
Native frames: (J=compiled Java code, j=interpreted, Vv=VM code, C=native code)
V  [jvm.dll+0x6bb95a]
V  [jvm.dll+0x8485fa]
V  [jvm.dll+0x84a1f5]
V  [jvm.dll+0x84a8f3]
V  [jvm.dll+0x280b0f]
V  [jvm.dll+0x6b86e9]
V  [jvm.dll+0x6ad2da]
V  [jvm.dll+0x35adf5]
V  [jvm.dll+0x363016]
V  [jvm.dll+0x3b3b53]
V  [jvm.dll+0x3b3dc5]
V  [jvm.dll+0x32b50a]
V  [jvm.dll+0x32c32b]
V  [jvm.dll+0x8112bf]
V  [jvm.dll+0x3c0d91]
V  [jvm.dll+0x7fcfe3]
V  [jvm.dll+0x44c76f]
V  [jvm.dll+0x44e0e1]
C  [jli.dll+0x5287]
C  [ucrtbase.dll+0x21bb2]
C  [KERNEL32.DLL+0x17374]
C  [ntdll.dll+0x4cc91]


---------------  P R O C E S S  ---------------

Threads class SMR info:
_java_thread_list=0x00007ffeefefa098, length=0, elements={
}

Java Threads: ( => current thread )

Other Threads:
  0x000001c61305ff50 WorkerThread "GC Thread#0" [stack: 0x00000058e0e00000,0x00000058e0f00000] [id=35748]
  0x000001c61306d9f0 ConcurrentGCThread "G1 Main Marker" [stack: 0x00000058e0f00000,0x00000058e1000000] [id=36560]
  0x000001c61306ead0 WorkerThread "G1 Conc#0" [stack: 0x00000058e1000000,0x00000058e1100000] [id=36360]

[error occurred during error reporting (printing all threads), id 0xc0000005, EXCEPTION_ACCESS_VIOLATION (0xc0000005) at pc=0x00007ffeef6deb47]
VM state: not at safepoint (not fully initialized)

VM Mutex/Monitor currently owned by a thread:  ([mutex/lock_event])
[0x000001c612fcff10] Heap_lock - owner thread: 0x000001c612fd6300

Heap address: 0x000000068a400000, size: 5980 MB, Compressed Oops mode: Zero based, Oop shift amount: 3

CDS archive(s) mapped at: [0x0000000000000000-0x0000000000000000-0x0000000000000000), size 0, SharedBaseAddress: 0x0000000800000000, ArchiveRelocationMode: 0.
Narrow klass base: 0x0000000000000000, Narrow klass shift: 0, Narrow klass range: 0x0

GC Precious Log:
 CardTable entry size: 512
 Card Set container configuration: InlinePtr #cards 4 size 8 Array Of Cards #cards 32 size 80 Howl #buckets 8 coarsen threshold 7372 Howl Bitmap #cards 1024 size 144 coarsen threshold 921 Card regions per heap region 1 cards per card region 8192

Heap:
 garbage-first heap   total 0K, used 0K [0x000000068a400000, 0x0000000800000000)
  region size 4096K, 0 young (0K), 0 survivors (0K)

[error occurred during error reporting (printing heap information), id 0xc0000005, EXCEPTION_ACCESS_VIOLATION (0xc0000005) at pc=0x00007ffeefab3c59]
GC Heap History (0 events):
No events

Dll operation events (1 events):
Event: 0.006 Loaded shared library C:\Program Files\Java\bin\java.dll

Deoptimization events (0 events):
No events

Classes loaded (0 events):
No events

Classes unloaded (0 events):
No events

Classes redefined (0 events):
No events

Internal exceptions (0 events):
No events

VM Operations (0 events):
No events

Events (0 events):
No events


Dynamic libraries:
0x00007ff72d2f0000 - 0x00007ff72d300000 	C:\Program Files\Java\bin\java.exe
0x00007fff2e830000 - 0x00007fff2ea28000 	C:\WINDOWS\SYSTEM32\ntdll.dll
0x00007fff2cce0000 - 0x00007fff2cda2000 	C:\WINDOWS\System32\KERNEL32.DLL
0x00007fff2bfd0000 - 0x00007fff2c2ce000 	C:\WINDOWS\System32\KERNELBASE.dll
0x00007fff2bed0000 - 0x00007fff2bfd0000 	C:\WINDOWS\System32\ucrtbase.dll
0x00007fff279e0000 - 0x00007fff279fb000 	C:\Program Files\Java\bin\VCRUNTIME140.dll
0x00007fff279c0000 - 0x00007fff279d9000 	C:\Program Files\Java\bin\jli.dll
0x00007fff2df60000 - 0x00007fff2e012000 	C:\WINDOWS\System32\ADVAPI32.dll
0x00007fff2ca50000 - 0x00007fff2caee000 	C:\WINDOWS\System32\msvcrt.dll
0x00007fff2ce10000 - 0x00007fff2ceb0000 	C:\WINDOWS\System32\sechost.dll
0x00007fff2d170000 - 0x00007fff2d293000 	C:\WINDOWS\System32\RPCRT4.dll
0x00007fff2c5b0000 - 0x00007fff2c5d7000 	C:\WINDOWS\System32\bcrypt.dll
0x00007fff2cfd0000 - 0x00007fff2d16d000 	C:\WINDOWS\System32\USER32.dll
0x00007fff2c2d0000 - 0x00007fff2c2f2000 	C:\WINDOWS\System32\win32u.dll
0x00007fff22980000 - 0x00007fff22c1a000 	C:\WINDOWS\WinSxS\amd64_microsoft.windows.common-controls_6595b64144ccf1df_6.0.19041.4355_none_60b8b9eb71f62e16\COMCTL32.dll
0x00007fff2caf0000 - 0x00007fff2cb1b000 	C:\WINDOWS\System32\GDI32.dll
0x00007fff2c5e0000 - 0x00007fff2c6f7000 	C:\WINDOWS\System32\gdi32full.dll
0x00007fff2c700000 - 0x00007fff2c79d000 	C:\WINDOWS\System32\msvcp_win.dll
0x00007fff22300000 - 0x00007fff2230a000 	C:\WINDOWS\SYSTEM32\VERSION.dll
0x00007fff2df10000 - 0x00007fff2df3f000 	C:\WINDOWS\System32\IMM32.DLL
0x00007fff27a20000 - 0x00007fff27a2c000 	C:\Program Files\Java\bin\vcruntime140_1.dll
0x00007ffef3310000 - 0x00007ffef339e000 	C:\Program Files\Java\bin\msvcp140.dll
0x00007ffeef3a0000 - 0x00007ffef0037000 	C:\Program Files\Java\bin\server\jvm.dll
0x00007fff1fc30000 - 0x00007fff1fc57000 	C:\WINDOWS\SYSTEM32\WINMM.dll
0x00007fff27950000 - 0x00007fff27959000 	C:\WINDOWS\SYSTEM32\WSOCK32.dll
0x00007fff2d910000 - 0x00007fff2d97b000 	C:\WINDOWS\System32\WS2_32.dll
0x00007fff29d30000 - 0x00007fff29d42000 	C:\WINDOWS\SYSTEM32\kernel.appcore.dll
0x00007fff279b0000 - 0x00007fff279ba000 	C:\Program Files\Java\bin\jimage.dll
0x00007fff1ff20000 - 0x00007fff20104000 	C:\WINDOWS\SYSTEM32\DBGHELP.DLL
0x00007fff1fee0000 - 0x00007fff1ff14000 	C:\WINDOWS\SYSTEM32\dbgcore.DLL
0x00007fff2c4d0000 - 0x00007fff2c552000 	C:\WINDOWS\System32\bcryptPrimitives.dll
0x00007fff279a0000 - 0x00007fff279ae000 	C:\Program Files\Java\bin\instrument.dll
0x00007fff24260000 - 0x00007fff24286000 	C:\Program Files\Java\bin\java.dll

dbghelp: loaded successfully - version: 4.0.5 - missing functions: none
symbol engine: initialized successfully - sym options: 0x614 - pdb path: .;C:\Program Files\Java\bin;C:\WINDOWS\SYSTEM32;C:\WINDOWS\WinSxS\amd64_microsoft.windows.common-controls_6595b64144ccf1df_6.0.19041.4355_none_60b8b9eb71f62e16;C:\Program Files\Java\bin\server

VM Arguments:
jvm_args: -javaagent:C:\Users\HP\Documents\Documents ALT\Desktop Programs\IntelliJ IDEA Community Edition 2022.2.1\lib\idea_rt.jar=60023:C:\Users\HP\Documents\Documents ALT\Desktop Programs\IntelliJ IDEA Community Edition 2022.2.1\bin -Dfile.encoding=UTF-8 -Dsun.stdout.encoding=UTF-8 -Dsun.stderr.encoding=UTF-8 
java_command: Exercise8
java_class_path (initial): C:\Users\HP\Documents\Documents ALT\Programming Projects\2110\Lab6\out\production\Lab 6
Launcher Type: SUN_STANDARD

[Global flags]
     intx CICompilerCount                          = 12                                        {product} {ergonomic}
     uint ConcGCThreads                            = 3                                         {product} {ergonomic}
     uint G1ConcRefinementThreads                  = 13                                        {product} {ergonomic}
   size_t G1HeapRegionSize                         = 4194304                                   {product} {ergonomic}
    uintx GCDrainStackTargetSize                   = 64                                        {product} {ergonomic}
   size_t InitialHeapSize                          = 394264576                                 {product} {ergonomic}
   size_t MarkStackSize                            = 4194304                                   {product} {ergonomic}
   size_t MaxHeapSize                              = 6270484480                                {product} {ergonomic}
   size_t MinHeapDeltaBytes                        = 4194304                                   {product} {ergonomic}
   size_t MinHeapSize                              = 8388608                                   {product} {ergonomic}
    uintx NonNMethodCodeHeapSize                   = 7602480                                {pd product} {ergonomic}
    uintx NonProfiledCodeHeapSize                  = 122027880                              {pd product} {ergonomic}
    uintx ProfiledCodeHeapSize                     = 122027880                              {pd product} {ergonomic}
    uintx ReservedCodeCacheSize                    = 251658240                              {pd product} {ergonomic}
     bool SegmentedCodeCache                       = true                                      {product} {ergonomic}
   size_t SoftMaxHeapSize                          = 6270484480                             {manageable} {ergonomic}
     bool UseCompressedClassPointers               = true                           {product lp64_product} {ergonomic}
     bool UseCompressedOops                        = true                           {product lp64_product} {ergonomic}
     bool UseG1GC                                  = true                                      {product} {ergonomic}
     bool UseLargePagesIndividualAllocation        = false                                  {pd product} {ergonomic}

Logging:
Log output configuration:
 #0: stdout all=warning uptime,level,tags foldmultilines=false
 #1: stderr all=off uptime,level,tags foldmultilines=false

Environment Variables:
PATH=C:\Python311\Scripts\;C:\Python311\;C:\Program Files\Common Files\Oracle\Java\javapath;C:\Program Files (x86)\Razer Chroma SDK\bin;C:\Program Files\Razer Chroma SDK\bin;C:\Program Files (x86)\Razer\ChromaBroadcast\bin;C:\Program Files\Razer\ChromaBroadcast\bin;C:\Program Files (x86)\Common Files\Oracle\Java\javapath;C:\WINDOWS\system32;C:\WINDOWS;C:\WINDOWS\System32\Wbem;C:\WINDOWS\System32\WindowsPowerShell\v1.0\;C:\WINDOWS\System32\OpenSSH\;C:\Program Files\NVIDIA Corporation\NVIDIA NvDLISR;C:\Program Files (x86)\NVIDIA Corporation\PhysX\Common;C:\WINDOWS\system32\config\systemprofile\AppData\Local\Microsoft\WindowsApps;C:\Users\HP\AppData\Local\Microsoft\WindowsApps;C:\Program Files\nodejs\;C:\ProgramData\chocolatey\bin;C:\Program Files\dotnet\;C:\Program Files\Git\cmd;C:\Program Files\MySQL\MySQL Shell 8.0\bin\;C:\Users\HP\AppData\Local\Microsoft\WindowsApps;C:\Users\HP\AppData\Roaming\npm;C:\Users\HP\AppData\Local\Programs\Microsoft VS Code\bin;C:\Users\HP\Documents\Documents ALT\Desktop Programs\MYSYS2\ucrt64\bin;C:\Users\HP\Documents\Documents ALT\Desktop Programs\GitHubDesktop\bin
USERNAME=HP
OS=Windows_NT
PROCESSOR_IDENTIFIER=AMD64 Family 25 Model 80 Stepping 0, AuthenticAMD
TMP=C:\Users\HP\AppData\Local\Temp
TEMP=C:\Users\HP\AppData\Local\Temp




---------------  S Y S T E M  ---------------

OS:
 Windows 10 , 64 bit Build 19041 (10.0.19041.4957)
OS uptime: 1 days 4:17 hours

CPU: total 16 (initial active 16) (16 cores per cpu, 2 threads per core) family 25 model 80 stepping 0 microcode 0x0, cx8, cmov, fxsr, ht, mmx, 3dnowpref, sse, sse2, sse3, ssse3, sse4a, sse4.1, sse4.2, popcnt, lzcnt, tsc, tscinvbit, avx, avx2, aes, erms, clmul, bmi1, bmi2, adx, sha, fma, vzeroupper, clflush, clflushopt, rdtscp, rdpid, fsrm, f16c, pku, cet_ss

Memory: 4k page, system-wide physical 23904M (7011M free)
TotalPageFile size 28904M (AvailPageFile size 7M)
current process WorkingSet (physical memory assigned to process): 11M, peak: 11M
current process commit charge ("private bytes"): 447M, peak: 453M

vm_info: Java HotSpot(TM) 64-Bit Server VM (20.0.1+9-29) for windows-amd64 JRE (20.0.1+9-29), built on 2023-03-07T13:56:11Z by "mach5one" with MS VC++ 17.1 (VS2022)

END.
